=================== FEFFIT RESULTS ====================
[[Statistics]]
   nvarys, npts       =  7, 33120
   n_independent      =  17.106
   chi_square         =  821.97257
   reduced chi_square =  81.331240
   r-factor           =  0.0099726
   Akaike info crit   =  80.240563
   Bayesian info crit =  86.116764
 
[[Data]]
   fit space          = 'w'
   r-range            = 1.000, 3.200
   k-range            = 2.000, 13.500
   k window, dk       = 'kaiser', 3.000
   paths used in fit  = ['feff_feo01.dat', 'feff_feo02.dat']
   k-weight           = 2
   epsilon_k          = Array(mean=8.0600e-4, std=0.0018556)
   epsilon_r          = 0.0152248
   n_independent      = 17.106
 
[[Variables]]
   de0            = -1.9317738 +/- 0.8311298   (init=  0.1000000)
   delr_1         = -0.0304701 +/- 0.0088744   (init=  0.0000000)
   delr_2         =  0.0444336 +/- 0.0069506   (init=  0.0000000)
   n1             =  6.0577126 +/- 1.2924561   (init=  6.0000000)
   n2             =  12.185287 +/- 1.2509910   (init=  12.000000)
   sig2_1         =  0.0131212 +/- 0.0029094   (init=  0.0020000)
   sig2_2         =  0.0131448 +/- 0.0010218   (init=  0.0020000)
 
[[Correlations]]    (unreported correlations are <  0.500)
   n2, sig2_2           =  0.944
   de0, delr_2          =  0.928
   n1, sig2_1           =  0.917
   de0, delr_1          =  0.519
=======================================================
