=================== FEFFIT RESULTS ====================
[[Statistics]]
   nvarys, npts       =  7, 230
   n_independent      =  17.106
   chi_square         =  156.61061
   reduced chi_square =  15.496058
   r-factor           =  0.0137742
   Akaike info crit   =  51.878967
   Bayesian info crit =  57.755169
 
[[Data]]
   fit space          = 'q'
   r-range            = 1.000, 3.200
   k-range            = 2.000, 13.500
   k window, dk       = 'kaiser', 3.000
   paths used in fit  = ['feff_feo01.dat', 'feff_feo02.dat']
   k-weight           = 3
   epsilon_k          = Array(mean=7.7091e-4, std=0.0018654)
   epsilon_r          = 0.1661505
   n_independent      = 17.106
 
[[Variables]]
   de0            = -1.4418399 +/- 1.0075978   (init=  0.1000000)
   delr_1         = -0.0291715 +/- 0.0095887   (init=  0.0000000)
   delr_2         =  0.0481107 +/- 0.0074656   (init=  0.0000000)
   n1             =  5.7051161 +/- 1.1572055   (init=  6.0000000)
   n2             =  11.473040 +/- 1.3721352   (init=  12.000000)
   sig2_1         =  0.0123871 +/- 0.0024544   (init=  0.0020000)
   sig2_2         =  0.0125804 +/- 0.0010458   (init=  0.0020000)
 
[[Correlations]]    (unreported correlations are <  0.500)
   n2, sig2_2           =  0.940
   de0, delr_2          =  0.919
   n1, sig2_1           =  0.900
   de0, delr_1          =  0.585
   delr_1, delr_2       =  0.542
=======================================================
